app/build/intermediates/manifest_merge_blame_file/debug/manifest-merger-blame-debug-report.txt
1<?xml version="1.0" encoding="utf-8"?>
2<manifest xmlns:android="http://schemas.android.com/apk/res/android"
3    package="edu.northeastern.pawpal"
4    android:versionCode="1"
5    android:versionName="1.0" >
6
7    <uses-sdk
8        android:minSdkVersion="27"
8-->src/main/AndroidManifest.xml
9        android:targetSdkVersion="33" />
9-->src/main/AndroidManifest.xml
10
11    <uses-permission android:name="android.permission.INTERNET" />
11-->[com.google.firebase:firebase-auth:21.1.0] AndroidManifest.xml:23:5-67
11-->[com.google.firebase:firebase-auth:21.1.0] AndroidManifest.xml:23:22-64
12    <uses-permission android:name="android.permission.ACCESS_NETWORK_STATE" />
12-->[com.google.firebase:firebase-auth:21.1.0] AndroidManifest.xml:24:5-79
12-->[com.google.firebase:firebase-auth:21.1.0] AndroidManifest.xml:24:22-76
13
14    <permission
14-->[androidx.core:core:1.9.0] AndroidManifest.xml:22:5-24:47
15        android:name="edu.northeastern.pawpal.DYNAMIC_RECEIVER_NOT_EXPORTED_PERMISSION"
15-->[androidx.core:core:1.9.0] AndroidManifest.xml:23:9-81
16        android:protectionLevel="signature" />
16-->[androidx.core:core:1.9.0] AndroidManifest.xml:24:9-44
17
18    <uses-permission android:name="edu.northeastern.pawpal.DYNAMIC_RECEIVER_NOT_EXPORTED_PERMISSION" />
18-->[androidx.core:core:1.9.0] AndroidManifest.xml:26:5-97
18-->[androidx.core:core:1.9.0] AndroidManifest.xml:26:22-94
19
20    <application
20-->src/main/AndroidManifest.xml:5:5-29:19
21        android:allowBackup="true"
21-->src/main/AndroidManifest.xml:6:9-35
22        android:appComponentFactory="androidx.core.app.CoreComponentFactory"
22-->[androidx.core:core:1.9.0] AndroidManifest.xml:28:18-86
23        android:dataExtractionRules="@xml/data_extraction_rules"
23-->src/main/AndroidManifest.xml:7:9-65
24        android:debuggable="true"
25        android:extractNativeLibs="false"
26        android:fullBackupContent="@xml/backup_rules"
26-->src/main/AndroidManifest.xml:8:9-54
27        android:icon="@mipmap/ic_launcher"
27-->src/main/AndroidManifest.xml:9:9-43
28        android:label="@string/app_name"
28-->src/main/AndroidManifest.xml:10:9-41
29        android:supportsRtl="true"
29-->src/main/AndroidManifest.xml:11:9-35
30        android:testOnly="true"
31        android:theme="@style/Theme.PawPal" >
31-->src/main/AndroidManifest.xml:12:9-44
32        <activity
32-->src/main/AndroidManifest.xml:14:9-16:40
33            android:name="edu.northeastern.pawpal.RegistrationActivity"
33-->src/main/AndroidManifest.xml:15:13-49
34            android:exported="false" />
34-->src/main/AndroidManifest.xml:16:13-37
35        <activity
35-->src/main/AndroidManifest.xml:17:9-19:40
36            android:name="edu.northeastern.pawpal.LoginActivity"
36-->src/main/AndroidManifest.xml:18:13-42
37            android:exported="false" />
37-->src/main/AndroidManifest.xml:19:13-37
38        <activity
38-->src/main/AndroidManifest.xml:20:9-28:20
39            android:name="edu.northeastern.pawpal.MainActivity"
39-->src/main/AndroidManifest.xml:21:13-41
40            android:exported="true" >
40-->src/main/AndroidManifest.xml:22:13-36
41            <intent-filter>
41-->src/main/AndroidManifest.xml:23:13-27:29
42                <action android:name="android.intent.action.MAIN" />
42-->src/main/AndroidManifest.xml:24:17-69
42-->src/main/AndroidManifest.xml:24:25-66
43
44                <category android:name="android.intent.category.LAUNCHER" />
44-->src/main/AndroidManifest.xml:26:17-77
44-->src/main/AndroidManifest.xml:26:27-74
45            </intent-filter>
46        </activity>
47        <activity
47-->[com.google.firebase:firebase-auth:21.1.0] AndroidManifest.xml:27:9-44:20
48            android:name="com.google.firebase.auth.internal.GenericIdpActivity"
48-->[com.google.firebase:firebase-auth:21.1.0] AndroidManifest.xml:28:13-80
49            android:excludeFromRecents="true"
49-->[com.google.firebase:firebase-auth:21.1.0] AndroidManifest.xml:29:13-46
50            android:exported="true"
50-->[com.google.firebase:firebase-auth:21.1.0] AndroidManifest.xml:30:13-36
51            android:launchMode="singleTask"
51-->[com.google.firebase:firebase-auth:21.1.0] AndroidManifest.xml:31:13-44
52            android:theme="@android:style/Theme.Translucent.NoTitleBar" >
52-->[com.google.firebase:firebase-auth:21.1.0] AndroidManifest.xml:32:13-72
53            <intent-filter>
53-->[com.google.firebase:firebase-auth:21.1.0] AndroidManifest.xml:33:13-43:29
54                <action android:name="android.intent.action.VIEW" />
54-->[com.google.firebase:firebase-auth:21.1.0] AndroidManifest.xml:34:17-69
54-->[com.google.firebase:firebase-auth:21.1.0] AndroidManifest.xml:34:25-66
55
56                <category android:name="android.intent.category.DEFAULT" />
56-->[com.google.firebase:firebase-auth:21.1.0] AndroidManifest.xml:36:17-76
56-->[com.google.firebase:firebase-auth:21.1.0] AndroidManifest.xml:36:27-73
57                <category android:name="android.intent.category.BROWSABLE" />
57-->[com.google.firebase:firebase-auth:21.1.0] AndroidManifest.xml:37:17-78
57-->[com.google.firebase:firebase-auth:21.1.0] AndroidManifest.xml:37:27-75
58
59                <data
59-->[com.google.firebase:firebase-auth:21.1.0] AndroidManifest.xml:39:17-42:51
60                    android:host="firebase.auth"
60-->[com.google.firebase:firebase-auth:21.1.0] AndroidManifest.xml:40:21-49
61                    android:path="/"
61-->[com.google.firebase:firebase-auth:21.1.0] AndroidManifest.xml:41:21-37
62                    android:scheme="genericidp" />
62-->[com.google.firebase:firebase-auth:21.1.0] AndroidManifest.xml:42:21-48
63            </intent-filter>
64        </activity>
65        <activity
65-->[com.google.firebase:firebase-auth:21.1.0] AndroidManifest.xml:45:9-62:20
66            android:name="com.google.firebase.auth.internal.RecaptchaActivity"
66-->[com.google.firebase:firebase-auth:21.1.0] AndroidManifest.xml:46:13-79
67            android:excludeFromRecents="true"
67-->[com.google.firebase:firebase-auth:21.1.0] AndroidManifest.xml:47:13-46
68            android:exported="true"
68-->[com.google.firebase:firebase-auth:21.1.0] AndroidManifest.xml:48:13-36
69            android:launchMode="singleTask"
69-->[com.google.firebase:firebase-auth:21.1.0] AndroidManifest.xml:49:13-44
70            android:theme="@android:style/Theme.Translucent.NoTitleBar" >
70-->[com.google.firebase:firebase-auth:21.1.0] AndroidManifest.xml:50:13-72
71            <intent-filter>
71-->[com.google.firebase:firebase-auth:21.1.0] AndroidManifest.xml:51:13-61:29
72                <action android:name="android.intent.action.VIEW" />
72-->[com.google.firebase:firebase-auth:21.1.0] AndroidManifest.xml:34:17-69
72-->[com.google.firebase:firebase-auth:21.1.0] AndroidManifest.xml:34:25-66
73
74                <category android:name="android.intent.category.DEFAULT" />
74-->[com.google.firebase:firebase-auth:21.1.0] AndroidManifest.xml:36:17-76
74-->[com.google.firebase:firebase-auth:21.1.0] AndroidManifest.xml:36:27-73
75                <category android:name="android.intent.category.BROWSABLE" />
75-->[com.google.firebase:firebase-auth:21.1.0] AndroidManifest.xml:37:17-78
75-->[com.google.firebase:firebase-auth:21.1.0] AndroidManifest.xml:37:27-75
76
77                <data
77-->[com.google.firebase:firebase-auth:21.1.0] AndroidManifest.xml:39:17-42:51
78                    android:host="firebase.auth"
78-->[com.google.firebase:firebase-auth:21.1.0] AndroidManifest.xml:40:21-49
79                    android:path="/"
79-->[com.google.firebase:firebase-auth:21.1.0] AndroidManifest.xml:41:21-37
80                    android:scheme="recaptcha" />
80-->[com.google.firebase:firebase-auth:21.1.0] AndroidManifest.xml:42:21-48
81            </intent-filter>
82        </activity>
83
84        <service
84-->[com.google.firebase:firebase-auth:21.1.0] AndroidManifest.xml:64:9-70:19
85            android:name="com.google.firebase.components.ComponentDiscoveryService"
85-->[com.google.firebase:firebase-auth:21.1.0] AndroidManifest.xml:65:13-84
86            android:directBootAware="true"
86-->[com.google.firebase:firebase-common:20.3.2] AndroidManifest.xml:34:13-43
87            android:exported="false" >
87-->[com.google.firebase:firebase-auth:21.1.0] AndroidManifest.xml:66:13-37
88            <meta-data
88-->[com.google.firebase:firebase-auth:21.1.0] AndroidManifest.xml:67:13-69:85
89                android:name="com.google.firebase.components:com.google.firebase.auth.FirebaseAuthRegistrar"
89-->[com.google.firebase:firebase-auth:21.1.0] AndroidManifest.xml:68:17-109
90                android:value="com.google.firebase.components.ComponentRegistrar" />
90-->[com.google.firebase:firebase-auth:21.1.0] AndroidManifest.xml:69:17-82
91        </service>
92
93        <provider
93-->[com.google.firebase:firebase-common:20.3.2] AndroidManifest.xml:25:9-30:39
94            android:name="com.google.firebase.provider.FirebaseInitProvider"
94-->[com.google.firebase:firebase-common:20.3.2] AndroidManifest.xml:26:13-77
95            android:authorities="edu.northeastern.pawpal.firebaseinitprovider"
95-->[com.google.firebase:firebase-common:20.3.2] AndroidManifest.xml:27:13-72
96            android:directBootAware="true"
96-->[com.google.firebase:firebase-common:20.3.2] AndroidManifest.xml:28:13-43
97            android:exported="false"
97-->[com.google.firebase:firebase-common:20.3.2] AndroidManifest.xml:29:13-37
98            android:initOrder="100" />
98-->[com.google.firebase:firebase-common:20.3.2] AndroidManifest.xml:30:13-36
99
100        <activity
100-->[com.google.android.gms:play-services-base:17.1.0] AndroidManifest.xml:23:9-26:75
101            android:name="com.google.android.gms.common.api.GoogleApiActivity"
101-->[com.google.android.gms:play-services-base:17.1.0] AndroidManifest.xml:24:13-79
102            android:exported="false"
102-->[com.google.android.gms:play-services-base:17.1.0] AndroidManifest.xml:25:13-37
103            android:theme="@android:style/Theme.Translucent.NoTitleBar" />
103-->[com.google.android.gms:play-services-base:17.1.0] AndroidManifest.xml:26:13-72
104
105        <meta-data
105-->[com.google.android.gms:play-services-basement:18.1.0] AndroidManifest.xml:21:9-23:69
106            android:name="com.google.android.gms.version"
106-->[com.google.android.gms:play-services-basement:18.1.0] AndroidManifest.xml:22:13-58
107            android:value="@integer/google_play_services_version" />
107-->[com.google.android.gms:play-services-basement:18.1.0] AndroidManifest.xml:23:13-66
108
109        <provider
109-->[androidx.emoji2:emoji2:1.2.0] AndroidManifest.xml:24:9-32:20
110            android:name="androidx.startup.InitializationProvider"
110-->[androidx.emoji2:emoji2:1.2.0] AndroidManifest.xml:25:13-67
111            android:authorities="edu.northeastern.pawpal.androidx-startup"
111-->[androidx.emoji2:emoji2:1.2.0] AndroidManifest.xml:26:13-68
112            android:exported="false" >
112-->[androidx.emoji2:emoji2:1.2.0] AndroidManifest.xml:27:13-37
113            <meta-data
113-->[androidx.emoji2:emoji2:1.2.0] AndroidManifest.xml:29:13-31:52
114                android:name="androidx.emoji2.text.EmojiCompatInitializer"
114-->[androidx.emoji2:emoji2:1.2.0] AndroidManifest.xml:30:17-75
115                android:value="androidx.startup" />
115-->[androidx.emoji2:emoji2:1.2.0] AndroidManifest.xml:31:17-49
116            <meta-data
116-->[androidx.lifecycle:lifecycle-process:2.4.1] AndroidManifest.xml:31:13-33:52
117                android:name="androidx.lifecycle.ProcessLifecycleInitializer"
117-->[androidx.lifecycle:lifecycle-process:2.4.1] AndroidManifest.xml:32:17-78
118                android:value="androidx.startup" />
118-->[androidx.lifecycle:lifecycle-process:2.4.1] AndroidManifest.xml:33:17-49
119        </provider>
120    </application>
121
122</manifest>